<?xml version="1.0" encoding="UTF-8"?>
<testng-results ignored="0" total="2" passed="2" failed="0" skipped="0">
  <reporter-output>
  </reporter-output>
  <suite started-at="2022-01-05T18:24:13 IST" name="Suite" finished-at="2022-01-05T18:24:25 IST" duration-ms="12372">
    <groups>
    </groups>
    <test started-at="2022-01-05T18:24:13 IST" name="Test" finished-at="2022-01-05T18:24:25 IST" duration-ms="12372">
      <class name="Test.PractiseTest">
        <test-method is-config="true" signature="navigateUrl()[pri:0, instance:Test.PractiseTest@78e117e3]" started-at="2022-01-05T18:24:13 IST" name="navigateUrl" finished-at="2022-01-05T18:24:21 IST" duration-ms="7963" status="PASS">
          <reporter-output>
          </reporter-output>
        </test-method> <!-- navigateUrl -->
        <test-method signature="t1(java.lang.String,java.lang.String,java.lang.String,java.lang.String)[pri:0, instance:Test.PractiseTest@78e117e3]" started-at="2022-01-05T18:24:23 IST" name="t1" data-provider="login" finished-at="2022-01-05T18:24:24 IST" duration-ms="1024" status="PASS">
          <params>
            <param index="0">
              <value>
                <![CDATA[Viraj]]>
              </value>
            </param>
            <param index="1">
              <value>
                <![CDATA[utekar20viraj@gmail.com]]>
              </value>
            </param>
            <param index="2">
              <value>
                <![CDATA[mumbai]]>
              </value>
            </param>
            <param index="3">
              <value>
                <![CDATA[mumbai]]>
              </value>
            </param>
          </params>
          <reporter-output>
          </reporter-output>
        </test-method> <!-- t1 -->
        <test-method signature="t1(java.lang.String,java.lang.String,java.lang.String,java.lang.String)[pri:0, instance:Test.PractiseTest@78e117e3]" started-at="2022-01-05T18:24:24 IST" name="t1" data-provider="login" finished-at="2022-01-05T18:24:25 IST" duration-ms="1039" status="PASS">
          <params>
            <param index="0">
              <value>
                <![CDATA[Test]]>
              </value>
            </param>
            <param index="1">
              <value>
                <![CDATA[test@gmail.com]]>
              </value>
            </param>
            <param index="2">
              <value>
                <![CDATA[mumbai]]>
              </value>
            </param>
            <param index="3">
              <value>
                <![CDATA[mumbai]]>
              </value>
            </param>
          </params>
          <reporter-output>
          </reporter-output>
        </test-method> <!-- t1 -->
        <test-method is-config="true" signature="terminate()[pri:0, instance:Test.PractiseTest@78e117e3]" started-at="2022-01-05T18:24:25 IST" name="terminate" finished-at="2022-01-05T18:24:25 IST" duration-ms="254" status="PASS">
          <reporter-output>
          </reporter-output>
        </test-method> <!-- terminate -->
      </class> <!-- Test.PractiseTest -->
    </test> <!-- Test -->
  </suite> <!-- Suite -->
</testng-results>
